# JRE version: Java(TM) SE Runtime Environment (8.0_121-b13) (build 1.8.0_121-b13)
# Java VM: Java HotSpot(TM) 64-Bit Server VM (25.121-b13 mixed mode windows-amd64 compressed oops)
Heap:
 PSYoungGen      total 120832K, used 57478K [0x00000000d5580000, 0x00000000dd480000, 0x0000000100000000)
  eden space 112128K, 45% used [0x00000000d5580000,0x00000000d87381e0,0x00000000dc300000)
  from space 8704K, 75% used [0x00000000dcb80000,0x00000000dd1e9710,0x00000000dd400000)
  to   space 8704K, 0% used [0x00000000dc300000,0x00000000dc300000,0x00000000dcb80000)
 ParOldGen       total 53760K, used 22827K [0x0000000080000000, 0x0000000083480000, 0x00000000d5580000)
  object space 53760K, 42% used [0x0000000080000000,0x000000008164af70,0x0000000083480000)
 Metaspace       used 38148K, capacity 40084K, committed 40280K, reserved 1083392K
  class space    used 5274K, capacity 5663K, committed 5760K, reserved 1048576K
GC Heap History (10 events):
Event: 5.774 GC heap before
{Heap before GC invocations=8 (full 1):
 PSYoungGen      total 120832K, used 118717K [0x00000000d5580000, 0x00000000dd480000, 0x0000000100000000)
  eden space 112128K, 100% used [0x00000000d5580000,0x00000000dc300000,0x00000000dc300000)
  from space 8704K, 75% used [0x00000000dcb80000,0x00000000dd1ef570,0x00000000dd400000)
  to   space 8704K, 0% used [0x00000000dc300000,0x00000000dc300000,0x00000000dcb80000)
 ParOldGen       total 53760K, used 8895K [0x0000000080000000, 0x0000000083480000, 0x00000000d5580000)
  object space 53760K, 16% used [0x0000000080000000,0x00000000808afc28,0x0000000083480000)
 Metaspace       used 29909K, capacity 31110K, committed 31360K, reserved 1077248K
  class space    used 4170K, capacity 4442K, committed 4480K, reserved 1048576K
Event: 5.796 GC heap after
Heap after GC invocations=8 (full 1):
 PSYoungGen      total 120832K, used 8672K [0x00000000d5580000, 0x00000000dd480000, 0x0000000100000000)
  eden space 112128K, 0% used [0x00000000d5580000,0x00000000d5580000,0x00000000dc300000)
  from space 8704K, 99% used [0x00000000dc300000,0x00000000dcb78338,0x00000000dcb80000)
  to   space 8704K, 0% used [0x00000000dcb80000,0x00000000dcb80000,0x00000000dd400000)
 ParOldGen       total 53760K, used 15908K [0x0000000080000000, 0x0000000083480000, 0x00000000d5580000)
  object space 53760K, 29% used [0x0000000080000000,0x0000000080f892f8,0x0000000083480000)
 Metaspace       used 29909K, capacity 31110K, committed 31360K, reserved 1077248K
  class space    used 4170K, capacity 4442K, committed 4480K, reserved 1048576K
}
Event: 6.627 GC heap before
{Heap before GC invocations=9 (full 1):
 PSYoungGen      total 120832K, used 99316K [0x00000000d5580000, 0x00000000dd480000, 0x0000000100000000)
  eden space 112128K, 80% used [0x00000000d5580000,0x00000000dae04de8,0x00000000dc300000)
  from space 8704K, 99% used [0x00000000dc300000,0x00000000dcb78338,0x00000000dcb80000)
  to   space 8704K, 0% used [0x00000000dcb80000,0x00000000dcb80000,0x00000000dd400000)
 ParOldGen       total 53760K, used 15908K [0x0000000080000000, 0x0000000083480000, 0x00000000d5580000)
  object space 53760K, 29% used [0x0000000080000000,0x0000000080f892f8,0x0000000083480000)
 Metaspace       used 33670K, capacity 35326K, committed 35416K, reserved 1079296K
  class space    used 4659K, capacity 4972K, committed 4992K, reserved 1048576K
Event: 6.652 GC heap after
Heap after GC invocations=9 (full 1):
 PSYoungGen      total 120832K, used 8672K [0x00000000d5580000, 0x00000000dd480000, 0x0000000100000000)
  eden space 112128K, 0% used [0x00000000d5580000,0x00000000d5580000,0x00000000dc300000)
  from space 8704K, 99% used [0x00000000dcb80000,0x00000000dd3f8338,0x00000000dd400000)
  to   space 8704K, 0% used [0x00000000dc300000,0x00000000dc300000,0x00000000dcb80000)
 ParOldGen       total 53760K, used 24941K [0x0000000080000000, 0x0000000083480000, 0x00000000d5580000)
  object space 53760K, 46% used [0x0000000080000000,0x000000008185b6e0,0x0000000083480000)
 Metaspace       used 33670K, capacity 35326K, committed 35416K, reserved 1079296K
  class space    used 4659K, capacity 4972K, committed 4992K, reserved 1048576K
}
Event: 6.652 GC heap before
{Heap before GC invocations=10 (full 2):
 PSYoungGen      total 120832K, used 8672K [0x00000000d5580000, 0x00000000dd480000, 0x0000000100000000)
  eden space 112128K, 0% used [0x00000000d5580000,0x00000000d5580000,0x00000000dc300000)
  from space 8704K, 99% used [0x00000000dcb80000,0x00000000dd3f8338,0x00000000dd400000)
  to   space 8704K, 0% used [0x00000000dc300000,0x00000000dc300000,0x00000000dcb80000)
 ParOldGen       total 53760K, used 24941K [0x0000000080000000, 0x0000000083480000, 0x00000000d5580000)
  object space 53760K, 46% used [0x0000000080000000,0x000000008185b6e0,0x0000000083480000)
 Metaspace       used 33670K, capacity 35326K, committed 35416K, reserved 1079296K
  class space    used 4659K, capacity 4972K, committed 4992K, reserved 1048576K
Event: 6.749 GC heap after
Heap after GC invocations=10 (full 2):
 PSYoungGen      total 120832K, used 0K [0x00000000d5580000, 0x00000000dd480000, 0x0000000100000000)
  eden space 112128K, 0% used [0x00000000d5580000,0x00000000d5580000,0x00000000dc300000)
  from space 8704K, 0% used [0x00000000dcb80000,0x00000000dcb80000,0x00000000dd400000)
  to   space 8704K, 0% used [0x00000000dc300000,0x00000000dc300000,0x00000000dcb80000)
 ParOldGen       total 53760K, used 22811K [0x0000000080000000, 0x0000000083480000, 0x00000000d5580000)
  object space 53760K, 42% used [0x0000000080000000,0x0000000081646f70,0x0000000083480000)
 Metaspace       used 33670K, capacity 35326K, committed 35416K, reserved 1079296K
  class space    used 4659K, capacity 4972K, committed 4992K, reserved 1048576K
}
Event: 7.633 GC heap before
{Heap before GC invocations=11 (full 2):
 PSYoungGen      total 120832K, used 112128K [0x00000000d5580000, 0x00000000dd480000, 0x0000000100000000)
  eden space 112128K, 100% used [0x00000000d5580000,0x00000000dc300000,0x00000000dc300000)
  from space 8704K, 0% used [0x00000000dcb80000,0x00000000dcb80000,0x00000000dd400000)
  to   space 8704K, 0% used [0x00000000dc300000,0x00000000dc300000,0x00000000dcb80000)
 ParOldGen       total 53760K, used 22811K [0x0000000080000000, 0x0000000083480000, 0x00000000d5580000)
  object space 53760K, 42% used [0x0000000080000000,0x0000000081646f70,0x0000000083480000)
 Metaspace       used 36102K, capacity 37866K, committed 38104K, reserved 1081344K
  class space    used 4980K, capacity 5328K, committed 5376K, reserved 1048576K
Event: 7.643 GC heap after
Heap after GC invocations=11 (full 2):
 PSYoungGen      total 120832K, used 4536K [0x00000000d5580000, 0x00000000dd480000, 0x0000000100000000)
  eden space 112128K, 0% used [0x00000000d5580000,0x00000000d5580000,0x00000000dc300000)
  from space 8704K, 52% used [0x00000000dc300000,0x00000000dc76e008,0x00000000dcb80000)
  to   space 8704K, 0% used [0x00000000dcb80000,0x00000000dcb80000,0x00000000dd400000)
 ParOldGen       total 53760K, used 22819K [0x0000000080000000, 0x0000000083480000, 0x00000000d5580000)
  object space 53760K, 42% used [0x0000000080000000,0x0000000081648f70,0x0000000083480000)
 Metaspace       used 36102K, capacity 37866K, committed 38104K, reserved 1081344K
  class space    used 4980K, capacity 5328K, committed 5376K, reserved 1048576K
}
Event: 8.810 GC heap before
{Heap before GC invocations=12 (full 2):
 PSYoungGen      total 120832K, used 116664K [0x00000000d5580000, 0x00000000dd480000, 0x0000000100000000)
  eden space 112128K, 100% used [0x00000000d5580000,0x00000000dc300000,0x00000000dc300000)
  from space 8704K, 52% used [0x00000000dc300000,0x00000000dc76e008,0x00000000dcb80000)
  to   space 8704K, 0% used [0x00000000dcb80000,0x00000000dcb80000,0x00000000dd400000)
 ParOldGen       total 53760K, used 22819K [0x0000000080000000, 0x0000000083480000, 0x00000000d5580000)
  object space 53760K, 42% used [0x0000000080000000,0x0000000081648f70,0x0000000083480000)
 Metaspace       used 37593K, capacity 39510K, committed 39640K, reserved 1083392K
  class space    used 5194K, capacity 5584K, committed 5632K, reserved 1048576K
Event: 8.818 GC heap after
Heap after GC invocations=12 (full 2):
 PSYoungGen      total 120832K, used 6565K [0x00000000d5580000, 0x00000000dd480000, 0x0000000100000000)
  eden space 112128K, 0% used [0x00000000d5580000,0x00000000d5580000,0x00000000dc300000)
  from space 8704K, 75% used [0x00000000dcb80000,0x00000000dd1e9710,0x00000000dd400000)
  to   space 8704K, 0% used [0x00000000dc300000,0x00000000dc300000,0x00000000dcb80000)
 ParOldGen       total 53760K, used 22827K [0x0000000080000000, 0x0000000083480000, 0x00000000d5580000)
  object space 53760K, 42% used [0x0000000080000000,0x000000008164af70,0x0000000083480000)
 Metaspace       used 37593K, capacity 39510K, committed 39640K, reserved 1083392K
  class space    used 5194K, capacity 5584K, committed 5632K, reserved 1048576K
}

